<?xml version="1.0" encoding="UTF-8"?>
<testsuites>
  <testsuite name="Test Suite 1" timestamp="2023-01-13T08:52:14" time="3.303" tests="2" failures="0" errors="0" skipped="0">
    <properties>
      <property name="specId" value="0"/>
      <property name="suiteName" value="Test Suite 1"/>
      <property name="capabilities" value="chrome.109_0_5414_87.mac"/>
      <property name="file" value="file://./test/specs/Tests.js"/>
    </properties>
    <testcase classname="chrome" name="Failed Test 1" time="2.536">
      <system-out><![CDATA[
COMMAND: POST /session/9bbcfe3193b0e02063d22c1619afd87b/url - {"url":"https://the-internet.herokuapp.com/login"}
RESULT: {"url":"https://the-internet.herokuapp.com/login"}
COMMAND: POST /session/9bbcfe3193b0e02063d22c1619afd87b/element - {"using":"css selector","value":"#username"}
RESULT: {"using":"css selector","value":"#username"}
COMMAND: POST /session/9bbcfe3193b0e02063d22c1619afd87b/element/813a15ff-bd63-4ed6-b57d-b0ccc58fa59a/clear - {}
RESULT: {}
COMMAND: POST /session/9bbcfe3193b0e02063d22c1619afd87b/element/813a15ff-bd63-4ed6-b57d-b0ccc58fa59a/value - {"text":"tomsmith"}
RESULT: {"text":"tomsmith"}
COMMAND: POST /session/9bbcfe3193b0e02063d22c1619afd87b/element - {"using":"css selector","value":"#password"}
RESULT: {"using":"css selector","value":"#password"}
COMMAND: POST /session/9bbcfe3193b0e02063d22c1619afd87b/element/0a49ae42-cfc2-4ad0-a132-deb36b0cd18f/clear - {}
RESULT: {}
COMMAND: POST /session/9bbcfe3193b0e02063d22c1619afd87b/element/0a49ae42-cfc2-4ad0-a132-deb36b0cd18f/value - {"text":"SuperSecretPassword!"}
RESULT: {"text":"SuperSecretPassword!"}
COMMAND: POST /session/9bbcfe3193b0e02063d22c1619afd87b/element - {"using":"css selector","value":"button[type=\"submit\"]"}
RESULT: {"using":"css selector","value":"button[type=\"submit\"]"}
COMMAND: POST /session/9bbcfe3193b0e02063d22c1619afd87b/element/5af07218-c75b-4ff0-bb73-ee6515f4dd80/click - {}
RESULT: {}
COMMAND: POST /session/9bbcfe3193b0e02063d22c1619afd87b/element - {"using":"css selector","value":"#flash"}
RESULT: {"using":"css selector","value":"#flash"}
COMMAND: POST /session/9bbcfe3193b0e02063d22c1619afd87b/elements - {"using":"css selector","value":"#flash"}
RESULT: {"using":"css selector","value":"#flash"}
COMMAND: POST /session/9bbcfe3193b0e02063d22c1619afd87b/element - {"using":"css selector","value":"#flash"}
RESULT: {"using":"css selector","value":"#flash"}
COMMAND: GET /session/9bbcfe3193b0e02063d22c1619afd87b/element/37376cd1-6d65-4f77-af9e-9de3d3e5dfbd/text - {}
RESULT: {}
]]></system-out>
    </testcase>
    <testcase classname="chrome" name="Failed Test 2" time="0.766">
      <system-out><![CDATA[
COMMAND: POST /session/9bbcfe3193b0e02063d22c1619afd87b/url - {"url":"https://the-internet.herokuapp.com/login"}
RESULT: {"url":"https://the-internet.herokuapp.com/login"}
COMMAND: POST /session/9bbcfe3193b0e02063d22c1619afd87b/element - {"using":"css selector","value":"#username"}
RESULT: {"using":"css selector","value":"#username"}
COMMAND: POST /session/9bbcfe3193b0e02063d22c1619afd87b/element/6cb2e247-5c4c-4990-8d50-42bfbad68244/clear - {}
RESULT: {}
COMMAND: POST /session/9bbcfe3193b0e02063d22c1619afd87b/element/6cb2e247-5c4c-4990-8d50-42bfbad68244/value - {"text":"tomsmith"}
RESULT: {"text":"tomsmith"}
COMMAND: POST /session/9bbcfe3193b0e02063d22c1619afd87b/element - {"using":"css selector","value":"#password"}
RESULT: {"using":"css selector","value":"#password"}
COMMAND: POST /session/9bbcfe3193b0e02063d22c1619afd87b/element/89fa643a-5966-4d68-805d-7719a450a687/clear - {}
RESULT: {}
COMMAND: POST /session/9bbcfe3193b0e02063d22c1619afd87b/element/89fa643a-5966-4d68-805d-7719a450a687/value - {"text":"SuperSecretPassword!"}
RESULT: {"text":"SuperSecretPassword!"}
COMMAND: POST /session/9bbcfe3193b0e02063d22c1619afd87b/element - {"using":"css selector","value":"button[type=\"submit\"]"}
RESULT: {"using":"css selector","value":"button[type=\"submit\"]"}
COMMAND: POST /session/9bbcfe3193b0e02063d22c1619afd87b/element/ee3447ea-b5e8-481f-9d07-f577583c87d1/click - {}
RESULT: {}
COMMAND: POST /session/9bbcfe3193b0e02063d22c1619afd87b/element - {"using":"css selector","value":"#flash"}
RESULT: {"using":"css selector","value":"#flash"}
COMMAND: POST /session/9bbcfe3193b0e02063d22c1619afd87b/elements - {"using":"css selector","value":"#flash"}
RESULT: {"using":"css selector","value":"#flash"}
COMMAND: POST /session/9bbcfe3193b0e02063d22c1619afd87b/element - {"using":"css selector","value":"#flash"}
RESULT: {"using":"css selector","value":"#flash"}
COMMAND: GET /session/9bbcfe3193b0e02063d22c1619afd87b/element/374e05e1-cf5f-4426-99e8-68d5d0967140/text - {}
RESULT: {}
COMMAND: DELETE /session/9bbcfe3193b0e02063d22c1619afd87b - {}
RESULT: {}
]]></system-out>
    </testcase>
  </testsuite>
</testsuites>